zBarScannerDemo/build/outputs/logs/manifest-merger-release-report.txt
-- Merging decision tree log ---
manifest
ADDED from src\main\AndroidManifest.xml:2:1-24:12
INJECTED from src\main\AndroidManifest.xml:2:1-24:12
INJECTED from src\main\AndroidManifest.xml:2:1-24:12
INJECTED from src\main\AndroidManifest.xml:2:1-24:12
MERGED from [:zBarScannerLibrary] AndroidManifest.xml:2:1-24:12
INJECTED from src\main\AndroidManifest.xml:2:1-24:12
INJECTED from src\main\AndroidManifest.xml:2:1-24:12
INJECTED from src\main\AndroidManifest.xml:2:1-24:12
	package
		ADDED from src\main\AndroidManifest.xml:3:7-45
		INJECTED from src\main\AndroidManifest.xml
		INJECTED from src\main\AndroidManifest.xml
	android:versionName
		ADDED from src\main\AndroidManifest.xml:5:7-32
		INJECTED from src\main\AndroidManifest.xml
		INJECTED from src\main\AndroidManifest.xml
	xmlns:android
		ADDED from src\main\AndroidManifest.xml:2:11-69
	android:versionCode
		ADDED from src\main\AndroidManifest.xml:4:7-30
		INJECTED from src\main\AndroidManifest.xml
		INJECTED from src\main\AndroidManifest.xml
uses-permission#android.permission.CAMERA
ADDED from src\main\AndroidManifest.xml:7:5-64
MERGED from [:zBarScannerLibrary] AndroidManifest.xml:11:5-65
MERGED from [:zBarScannerLibrary] AndroidManifest.xml:11:5-65
	android:name
		ADDED from src\main\AndroidManifest.xml:7:22-62
uses-feature#android.hardware.camera
ADDED from src\main\AndroidManifest.xml:8:5-84
MERGED from [:zBarScannerLibrary] AndroidManifest.xml:13:5-60
MERGED from [:zBarScannerLibrary] AndroidManifest.xml:13:5-60
	android:required
		ADDED from src\main\AndroidManifest.xml:8:58-82
		MERGED from src\main\AndroidManifest.xml:8:58-82
	android:name
		ADDED from src\main\AndroidManifest.xml:8:19-57
uses-sdk
ADDED from src\main\AndroidManifest.xml:9:5-44
INJECTED from src\main\AndroidManifest.xml:9:5-44
INJECTED from src\main\AndroidManifest.xml:9:5-44
MERGED from [:zBarScannerLibrary] AndroidManifest.xml:7:5-9:40
MERGED from [:zBarScannerLibrary] AndroidManifest.xml:7:5-9:40
INJECTED from src\main\AndroidManifest.xml:9:5-44
INJECTED from src\main\AndroidManifest.xml:9:5-44
	android:targetSdkVersion
		INJECTED from src\main\AndroidManifest.xml
		ADDED from src\main\AndroidManifest.xml:9:5-44
		INJECTED from src\main\AndroidManifest.xml
	android:minSdkVersion
		ADDED from src\main\AndroidManifest.xml:9:15-41
		INJECTED from src\main\AndroidManifest.xml
		INJECTED from src\main\AndroidManifest.xml
application
ADDED from src\main\AndroidManifest.xml:11:5-23:19
MERGED from [:zBarScannerLibrary] AndroidManifest.xml:15:5-22:19
MERGED from [:zBarScannerLibrary] AndroidManifest.xml:15:5-22:19
	android:label
		ADDED from src\main\AndroidManifest.xml:11:18-50
	android:icon
		ADDED from src\main\AndroidManifest.xml:11:51-87
activity#com.dm.zbar.android.examples.MainActivity
ADDED from src\main\AndroidManifest.xml:12:9-18:20
	android:label
		ADDED from src\main\AndroidManifest.xml:13:19-51
	android:name
		ADDED from src\main\AndroidManifest.xml:12:19-46
intent-filter#action:name:android.intent.action.MAIN+category:name:android.intent.category.LAUNCHER
ADDED from src\main\AndroidManifest.xml:14:13-17:29
action#android.intent.action.MAIN
ADDED from src\main\AndroidManifest.xml:15:17-69
	android:name
		ADDED from src\main\AndroidManifest.xml:15:25-66
category#android.intent.category.LAUNCHER
ADDED from src\main\AndroidManifest.xml:16:17-77
	android:name
		ADDED from src\main\AndroidManifest.xml:16:27-74
activity#com.dm.zbar.android.scanner.ZBarScannerActivity
ADDED from src\main\AndroidManifest.xml:20:9-22:54
MERGED from [:zBarScannerLibrary] AndroidManifest.xml:18:9-21:53
MERGED from [:zBarScannerLibrary] AndroidManifest.xml:18:9-21:53
	android:screenOrientation
		ADDED from src\main\AndroidManifest.xml:21:19-56
	android:label
		ADDED from src\main\AndroidManifest.xml:22:19-51
	android:name
		ADDED from src\main\AndroidManifest.xml:20:19-81